{"C:\\Users\\Daniela GL\\Downloads\\calidad-software-taller\\src\\calculator.js": {"path":"C:\\Users\\Daniela GL\\Downloads\\calidad-software-taller\\src\\calculator.js","statementMap":{"0":{"start":{"line":8,"column":2},"end":{"line":8,"column":22}},"1":{"start":{"line":8,"column":13},"end":{"line":8,"column":22}},"2":{"start":{"line":9,"column":2},"end":{"line":9,"column":15}},"3":{"start":{"line":12,"column":0},"end":{"line":12,"column":25}}},"fnMap":{"0":{"name":"add","decl":{"start":{"line":7,"column":9},"end":{"line":7,"column":12}},"loc":{"start":{"line":7,"column":19},"end":{"line":10,"column":1}},"line":7}},"branchMap":{"0":{"loc":{"start":{"line":8,"column":2},"end":{"line":8,"column":22}},"type":"if","locations":[{"start":{"line":8,"column":2},"end":{"line":8,"column":22}},{"start":{},"end":{}}],"line":8}},"s":{"0":1,"1":0,"2":1,"3":1},"f":{"0":1},"b":{"0":[0,1]},"_coverageSchema":"1a1c01bbd47fc00a2c39e90264f33305004495a9","hash":"7b4c401055cf2724f1f628f5d43cf8949de542eb"}
}
